<?xml version="1.0" encoding="UTF-8"?>
<testng-results ignored="0" total="3" passed="3" failed="0" skipped="0">
  <reporter-output>
  </reporter-output>
  <suite started-at="2022-07-18T09:54:36 IST" name="Default suite" finished-at="2022-07-18T09:56:06 IST" duration-ms="89865">
    <groups>
    </groups>
    <test started-at="2022-07-18T09:54:36 IST" name="Default test" finished-at="2022-07-18T09:56:06 IST" duration-ms="89865">
      <class name="com.org.qa.testcases.LoginPageTest">
        <test-method is-config="true" signature="setup()[pri:0, instance:com.org.qa.testcases.LoginPageTest@72035809]" started-at="2022-07-18T09:54:36 IST" name="setup" finished-at="2022-07-18T09:54:52 IST" duration-ms="15934" status="PASS">
          <reporter-output>
          </reporter-output>
        </test-method> <!-- setup -->
        <test-method signature="loginPageTitleTest()[pri:1, instance:com.org.qa.testcases.LoginPageTest@72035809]" started-at="2022-07-18T09:54:52 IST" name="loginPageTitleTest" finished-at="2022-07-18T09:54:52 IST" duration-ms="70" status="PASS">
          <reporter-output>
          </reporter-output>
        </test-method> <!-- loginPageTitleTest -->
        <test-method is-config="true" signature="tearDown()[pri:0, instance:com.org.qa.testcases.LoginPageTest@72035809]" started-at="2022-07-18T09:54:52 IST" name="tearDown" finished-at="2022-07-18T09:54:53 IST" duration-ms="579" status="PASS">
          <reporter-output>
          </reporter-output>
        </test-method> <!-- tearDown -->
        <test-method is-config="true" signature="setup()[pri:0, instance:com.org.qa.testcases.LoginPageTest@72035809]" started-at="2022-07-18T09:54:53 IST" name="setup" finished-at="2022-07-18T09:54:59 IST" duration-ms="5914" status="PASS">
          <reporter-output>
          </reporter-output>
        </test-method> <!-- setup -->
        <test-method signature="loginPageImageTets()[pri:2, instance:com.org.qa.testcases.LoginPageTest@72035809]" started-at="2022-07-18T09:54:59 IST" name="loginPageImageTets" finished-at="2022-07-18T09:54:59 IST" duration-ms="203" status="PASS">
          <reporter-output>
          </reporter-output>
        </test-method> <!-- loginPageImageTets -->
        <test-method is-config="true" signature="tearDown()[pri:0, instance:com.org.qa.testcases.LoginPageTest@72035809]" started-at="2022-07-18T09:54:59 IST" name="tearDown" finished-at="2022-07-18T09:54:59 IST" duration-ms="334" status="PASS">
          <reporter-output>
          </reporter-output>
        </test-method> <!-- tearDown -->
        <test-method is-config="true" signature="setup()[pri:0, instance:com.org.qa.testcases.LoginPageTest@72035809]" started-at="2022-07-18T09:54:59 IST" name="setup" finished-at="2022-07-18T09:55:07 IST" duration-ms="8173" status="PASS">
          <reporter-output>
          </reporter-output>
        </test-method> <!-- setup -->
        <test-method signature="loginTest()[pri:3, instance:com.org.qa.testcases.LoginPageTest@72035809]" started-at="2022-07-18T09:55:07 IST" name="loginTest" finished-at="2022-07-18T09:55:58 IST" duration-ms="50411" status="PASS">
          <reporter-output>
          </reporter-output>
        </test-method> <!-- loginTest -->
        <test-method is-config="true" signature="tearDown()[pri:0, instance:com.org.qa.testcases.LoginPageTest@72035809]" started-at="2022-07-18T09:55:58 IST" name="tearDown" finished-at="2022-07-18T09:56:06 IST" duration-ms="7968" status="PASS">
          <reporter-output>
          </reporter-output>
        </test-method> <!-- tearDown -->
      </class> <!-- com.org.qa.testcases.LoginPageTest -->
    </test> <!-- Default test -->
  </suite> <!-- Default suite -->
</testng-results>
