<?xml version="1.0" encoding="UTF-8"?>
<!-- Generated by org.testng.reporters.JUnitXMLReporter -->
<testsuite ignored="0" hostname="DESKTOP-C9AATUT" failures="0" tests="3" name="Default test" time="89.865" errors="0" timestamp="2022-07-18T09:56:06 IST">
  <testcase classname="com.org.qa.testcases.LoginPageTest" name="loginPageTitleTest" time="0.07"/>
  <testcase classname="com.org.qa.testcases.LoginPageTest" name="loginPageImageTets" time="0.203"/>
  <testcase classname="com.org.qa.testcases.LoginPageTest" name="loginTest" time="50.411"/>
</testsuite> <!-- Default test -->
